# JRE version: OpenJDK Runtime Environment (11.0.10) (build 11.0.10+0-b96-7249189)
# Java VM: OpenJDK 64-Bit Server VM (11.0.10+0-b96-7249189, mixed mode, tiered, compressed oops, g1 gc, windows-amd64)
Heap:
 garbage-first heap   total 546816K, used 455124K [0x0000000080000000, 0x0000000100000000)
  region size 1024K, 157 young (160768K), 16 survivors (16384K)
 Metaspace       used 166925K, capacity 171667K, committed 171948K, reserved 1200128K
  class space    used 20428K, capacity 22181K, committed 22272K, reserved 1048576K
GC Heap History (20 events):
Event: 243.649 GC heap before
{Heap before GC invocations=148 (full 0):
 garbage-first heap   total 465920K, used 405681K [0x0000000080000000, 0x0000000100000000)
  region size 1024K, 136 young (139264K), 6 survivors (6144K)
 Metaspace       used 149590K, capacity 153617K, committed 153900K, reserved 1183744K
  class space    used 18245K, capacity 19741K, committed 19840K, reserved 1048576K
}
Event: 243.664 GC heap after
{Heap after GC invocations=149 (full 0):
 garbage-first heap   total 465920K, used 272870K [0x0000000080000000, 0x0000000100000000)
  region size 1024K, 6 young (6144K), 6 survivors (6144K)
 Metaspace       used 149590K, capacity 153617K, committed 153900K, reserved 1183744K
  class space    used 18245K, capacity 19741K, committed 19840K, reserved 1048576K
}
Event: 245.015 GC heap before
{Heap before GC invocations=149 (full 0):
 garbage-first heap   total 465920K, used 407014K [0x0000000080000000, 0x0000000100000000)
  region size 1024K, 137 young (140288K), 6 survivors (6144K)
 Metaspace       used 149597K, capacity 153617K, committed 153900K, reserved 1183744K
  class space    used 18245K, capacity 19741K, committed 19840K, reserved 1048576K
}
Event: 245.035 GC heap after
{Heap after GC invocations=150 (full 0):
 garbage-first heap   total 465920K, used 273628K [0x0000000080000000, 0x0000000100000000)
  region size 1024K, 7 young (7168K), 7 survivors (7168K)
 Metaspace       used 149597K, capacity 153617K, committed 153900K, reserved 1183744K
  class space    used 18245K, capacity 19741K, committed 19840K, reserved 1048576K
}
Event: 247.687 GC heap before
{Heap before GC invocations=150 (full 0):
 garbage-first heap   total 465920K, used 401628K [0x0000000080000000, 0x0000000100000000)
  region size 1024K, 112 young (114688K), 7 survivors (7168K)
 Metaspace       used 150172K, capacity 154174K, committed 154412K, reserved 1183744K
  class space    used 18325K, capacity 19817K, committed 19840K, reserved 1048576K
}
Event: 247.713 GC heap after
{Heap after GC invocations=151 (full 0):
 garbage-first heap   total 465920K, used 288806K [0x0000000080000000, 0x0000000100000000)
  region size 1024K, 9 young (9216K), 9 survivors (9216K)
 Metaspace       used 150172K, capacity 154174K, committed 154412K, reserved 1183744K
  class space    used 18325K, capacity 19817K, committed 19840K, reserved 1048576K
}
Event: 249.500 GC heap before
{Heap before GC invocations=152 (full 0):
 garbage-first heap   total 465920K, used 396326K [0x0000000080000000, 0x0000000100000000)
  region size 1024K, 125 young (128000K), 9 survivors (9216K)
 Metaspace       used 151036K, capacity 155086K, committed 155308K, reserved 1185792K
  class space    used 18419K, capacity 19920K, committed 19968K, reserved 1048576K
}
Event: 249.634 GC heap after
{Heap after GC invocations=153 (full 0):
 garbage-first heap   total 465920K, used 310087K [0x0000000080000000, 0x0000000100000000)
  region size 1024K, 16 young (16384K), 16 survivors (16384K)
 Metaspace       used 151036K, capacity 155086K, committed 155308K, reserved 1185792K
  class space    used 18419K, capacity 19920K, committed 19968K, reserved 1048576K
}
Event: 249.740 GC heap before
{Heap before GC invocations=153 (full 0):
 garbage-first heap   total 465920K, used 315207K [0x0000000080000000, 0x0000000100000000)
  region size 1024K, 22 young (22528K), 16 survivors (16384K)
 Metaspace       used 151037K, capacity 155086K, committed 155308K, reserved 1185792K
  class space    used 18419K, capacity 19920K, committed 19968K, reserved 1048576K
}
Event: 249.821 GC heap after
{Heap after GC invocations=154 (full 0):
 garbage-first heap   total 465920K, used 266935K [0x0000000080000000, 0x0000000100000000)
  region size 1024K, 3 young (3072K), 3 survivors (3072K)
 Metaspace       used 151037K, capacity 155086K, committed 155308K, reserved 1185792K
  class space    used 18419K, capacity 19920K, committed 19968K, reserved 1048576K
}
Event: 250.205 GC heap before
{Heap before GC invocations=154 (full 0):
 garbage-first heap   total 465920K, used 285367K [0x0000000080000000, 0x0000000100000000)
  region size 1024K, 22 young (22528K), 3 survivors (3072K)
 Metaspace       used 151077K, capacity 155158K, committed 155308K, reserved 1185792K
  class space    used 18419K, capacity 19920K, committed 19968K, reserved 1048576K
}
Event: 250.268 GC heap after
{Heap after GC invocations=155 (full 0):
 garbage-first heap   total 546816K, used 232448K [0x0000000080000000, 0x0000000100000000)
  region size 1024K, 2 young (2048K), 2 survivors (2048K)
 Metaspace       used 151077K, capacity 155158K, committed 155308K, reserved 1185792K
  class space    used 18419K, capacity 19920K, committed 19968K, reserved 1048576K
}
Event: 252.929 GC heap before
{Heap before GC invocations=155 (full 0):
 garbage-first heap   total 546816K, used 425984K [0x0000000080000000, 0x0000000100000000)
  region size 1024K, 165 young (168960K), 2 survivors (2048K)
 Metaspace       used 151631K, capacity 155752K, committed 155820K, reserved 1185792K
  class space    used 18461K, capacity 19964K, committed 19968K, reserved 1048576K
}
Event: 252.965 GC heap after
{Heap after GC invocations=156 (full 0):
 garbage-first heap   total 546816K, used 276103K [0x0000000080000000, 0x0000000100000000)
  region size 1024K, 19 young (19456K), 19 survivors (19456K)
 Metaspace       used 151631K, capacity 155752K, committed 155820K, reserved 1185792K
  class space    used 18461K, capacity 19964K, committed 19968K, reserved 1048576K
}
Event: 267.311 GC heap before
{Heap before GC invocations=156 (full 0):
 garbage-first heap   total 546816K, used 426631K [0x0000000080000000, 0x0000000100000000)
  region size 1024K, 167 young (171008K), 19 survivors (19456K)
 Metaspace       used 154606K, capacity 158826K, committed 159148K, reserved 1187840K
  class space    used 18860K, capacity 20408K, committed 20480K, reserved 1048576K
}
Event: 267.338 GC heap after
{Heap after GC invocations=157 (full 0):
 garbage-first heap   total 546816K, used 258004K [0x0000000080000000, 0x0000000100000000)
  region size 1024K, 6 young (6144K), 6 survivors (6144K)
 Metaspace       used 154606K, capacity 158826K, committed 159148K, reserved 1187840K
  class space    used 18860K, capacity 20408K, committed 20480K, reserved 1048576K
}
Event: 286.370 GC heap before
{Heap before GC invocations=157 (full 0):
 garbage-first heap   total 546816K, used 359380K [0x0000000080000000, 0x0000000100000000)
  region size 1024K, 104 young (106496K), 6 survivors (6144K)
 Metaspace       used 163488K, capacity 167966K, committed 168108K, reserved 1196032K
  class space    used 20004K, capacity 21689K, committed 21760K, reserved 1048576K
}
Event: 286.386 GC heap after
{Heap after GC invocations=158 (full 0):
 garbage-first heap   total 546816K, used 263921K [0x0000000080000000, 0x0000000100000000)
  region size 1024K, 10 young (10240K), 10 survivors (10240K)
 Metaspace       used 163488K, capacity 167966K, committed 168108K, reserved 1196032K
  class space    used 20004K, capacity 21689K, committed 21760K, reserved 1048576K
}
Event: 287.704 GC heap before
{Heap before GC invocations=158 (full 0):
 garbage-first heap   total 546816K, used 415473K [0x0000000080000000, 0x0000000100000000)
  region size 1024K, 156 young (159744K), 10 survivors (10240K)
 Metaspace       used 164849K, capacity 169389K, committed 169516K, reserved 1198080K
  class space    used 20178K, capacity 21877K, committed 21888K, reserved 1048576K
}
Event: 287.724 GC heap after
{Heap after GC invocations=159 (full 0):
 garbage-first heap   total 546816K, used 268756K [0x0000000080000000, 0x0000000100000000)
  region size 1024K, 16 young (16384K), 16 survivors (16384K)
 Metaspace       used 164849K, capacity 169389K, committed 169516K, reserved 1198080K
  class space    used 20178K, capacity 21877K, committed 21888K, reserved 1048576K
}

