# JRE version: OpenJDK Runtime Environment (11.0.10) (build 11.0.10+0-b96-7249189)
# Java VM: OpenJDK 64-Bit Server VM (11.0.10+0-b96-7249189, mixed mode, tiered, compressed oops, g1 gc, windows-amd64)
Heap:
 garbage-first heap   total 275456K, used 145790K [0x0000000080000000, 0x0000000100000000)
  region size 1024K, 10 young (10240K), 7 survivors (7168K)
 Metaspace       used 131589K, capacity 134925K, committed 135036K, reserved 1167360K
  class space    used 16410K, capacity 17633K, committed 17636K, reserved 1048576K
GC Heap History (20 events):
Event: 25.873 GC heap before
{Heap before GC invocations=20 (full 0):
 garbage-first heap   total 275456K, used 177819K [0x0000000080000000, 0x0000000100000000)
  region size 1024K, 94 young (96256K), 16 survivors (16384K)
 Metaspace       used 111224K, capacity 113943K, committed 114048K, reserved 1148928K
  class space    used 14271K, capacity 15257K, committed 15284K, reserved 1048576K
}
Event: 25.914 GC heap after
{Heap after GC invocations=21 (full 0):
 garbage-first heap   total 275456K, used 107781K [0x0000000080000000, 0x0000000100000000)
  region size 1024K, 11 young (11264K), 11 survivors (11264K)
 Metaspace       used 111224K, capacity 113943K, committed 114048K, reserved 1148928K
  class space    used 14271K, capacity 15257K, committed 15284K, reserved 1048576K
}
Event: 28.210 GC heap before
{Heap before GC invocations=22 (full 0):
 garbage-first heap   total 275456K, used 218373K [0x0000000080000000, 0x0000000100000000)
  region size 1024K, 109 young (111616K), 11 survivors (11264K)
 Metaspace       used 119439K, capacity 122499K, committed 122620K, reserved 1155072K
  class space    used 15452K, capacity 16620K, committed 16740K, reserved 1048576K
}
Event: 28.220 GC heap after
{Heap after GC invocations=23 (full 0):
 garbage-first heap   total 275456K, used 102976K [0x0000000080000000, 0x0000000100000000)
  region size 1024K, 3 young (3072K), 3 survivors (3072K)
 Metaspace       used 119439K, capacity 122499K, committed 122620K, reserved 1155072K
  class space    used 15452K, capacity 16620K, committed 16740K, reserved 1048576K
}
Event: 153.887 GC heap before
{Heap before GC invocations=24 (full 0):
 garbage-first heap   total 275456K, used 211520K [0x0000000080000000, 0x0000000100000000)
  region size 1024K, 110 young (112640K), 3 survivors (3072K)
 Metaspace       used 126933K, capacity 130219K, committed 130428K, reserved 1163264K
  class space    used 16133K, capacity 17361K, committed 17380K, reserved 1048576K
}
Event: 153.910 GC heap after
{Heap after GC invocations=25 (full 0):
 garbage-first heap   total 275456K, used 117760K [0x0000000080000000, 0x0000000100000000)
  region size 1024K, 14 young (14336K), 14 survivors (14336K)
 Metaspace       used 126933K, capacity 130219K, committed 130428K, reserved 1163264K
  class space    used 16133K, capacity 17361K, committed 17380K, reserved 1048576K
}
Event: 159.942 GC heap before
{Heap before GC invocations=25 (full 0):
 garbage-first heap   total 275456K, used 225280K [0x0000000080000000, 0x0000000100000000)
  region size 1024K, 105 young (107520K), 14 survivors (14336K)
 Metaspace       used 129596K, capacity 132891K, committed 132988K, reserved 1165312K
  class space    used 16384K, capacity 17605K, committed 17636K, reserved 1048576K
}
Event: 159.966 GC heap after
{Heap after GC invocations=26 (full 0):
 garbage-first heap   total 275456K, used 123125K [0x0000000080000000, 0x0000000100000000)
  region size 1024K, 7 young (7168K), 7 survivors (7168K)
 Metaspace       used 129596K, capacity 132891K, committed 132988K, reserved 1165312K
  class space    used 16384K, capacity 17605K, committed 17636K, reserved 1048576K
}
Event: 161.209 GC heap before
{Heap before GC invocations=26 (full 0):
 garbage-first heap   total 275456K, used 217333K [0x0000000080000000, 0x0000000100000000)
  region size 1024K, 96 young (98304K), 7 survivors (7168K)
 Metaspace       used 130278K, capacity 133533K, committed 133756K, reserved 1165312K
  class space    used 16387K, capacity 17611K, committed 17636K, reserved 1048576K
}
Event: 161.226 GC heap after
{Heap after GC invocations=27 (full 0):
 garbage-first heap   total 275456K, used 130500K [0x0000000080000000, 0x0000000100000000)
  region size 1024K, 12 young (12288K), 12 survivors (12288K)
 Metaspace       used 130278K, capacity 133533K, committed 133756K, reserved 1165312K
  class space    used 16387K, capacity 17611K, committed 17636K, reserved 1048576K
}
Event: 161.754 GC heap before
{Heap before GC invocations=27 (full 0):
 garbage-first heap   total 275456K, used 167364K [0x0000000080000000, 0x0000000100000000)
  region size 1024K, 44 young (45056K), 12 survivors (12288K)
 Metaspace       used 130422K, capacity 133733K, committed 134012K, reserved 1165312K
  class space    used 16387K, capacity 17611K, committed 17636K, reserved 1048576K
}
Event: 161.765 GC heap after
{Heap after GC invocations=28 (full 0):
 garbage-first heap   total 275456K, used 126479K [0x0000000080000000, 0x0000000100000000)
  region size 1024K, 2 young (2048K), 2 survivors (2048K)
 Metaspace       used 130422K, capacity 133733K, committed 134012K, reserved 1165312K
  class space    used 16387K, capacity 17611K, committed 17636K, reserved 1048576K
}
Event: 1552.935 GC heap before
{Heap before GC invocations=29 (full 0):
 garbage-first heap   total 275456K, used 219663K [0x0000000080000000, 0x0000000100000000)
  region size 1024K, 95 young (97280K), 2 survivors (2048K)
 Metaspace       used 131127K, capacity 134397K, committed 134524K, reserved 1167360K
  class space    used 16389K, capacity 17603K, committed 17636K, reserved 1048576K
}
Event: 1552.944 GC heap after
{Heap after GC invocations=30 (full 0):
 garbage-first heap   total 275456K, used 117231K [0x0000000080000000, 0x0000000100000000)
  region size 1024K, 1 young (1024K), 1 survivors (1024K)
 Metaspace       used 131127K, capacity 134397K, committed 134524K, reserved 1167360K
  class space    used 16389K, capacity 17603K, committed 17636K, reserved 1048576K
}
Event: 2182.659 GC heap before
{Heap before GC invocations=30 (full 0):
 garbage-first heap   total 275456K, used 128495K [0x0000000080000000, 0x0000000100000000)
  region size 1024K, 13 young (13312K), 1 survivors (1024K)
 Metaspace       used 131155K, capacity 134461K, committed 134524K, reserved 1167360K
  class space    used 16389K, capacity 17603K, committed 17636K, reserved 1048576K
}
Event: 2182.668 GC heap after
{Heap after GC invocations=31 (full 0):
 garbage-first heap   total 275456K, used 110140K [0x0000000080000000, 0x0000000100000000)
  region size 1024K, 1 young (1024K), 1 survivors (1024K)
 Metaspace       used 131155K, capacity 134461K, committed 134524K, reserved 1167360K
  class space    used 16389K, capacity 17603K, committed 17636K, reserved 1048576K
}
Event: 4419.324 GC heap before
{Heap before GC invocations=31 (full 0):
 garbage-first heap   total 275456K, used 218684K [0x0000000080000000, 0x0000000100000000)
  region size 1024K, 106 young (108544K), 1 survivors (1024K)
 Metaspace       used 131532K, capacity 134913K, committed 135036K, reserved 1167360K
  class space    used 16409K, capacity 17631K, committed 17636K, reserved 1048576K
}
Event: 4419.344 GC heap after
{Heap after GC invocations=32 (full 0):
 garbage-first heap   total 275456K, used 126573K [0x0000000080000000, 0x0000000100000000)
  region size 1024K, 14 young (14336K), 14 survivors (14336K)
 Metaspace       used 131532K, capacity 134913K, committed 135036K, reserved 1167360K
  class space    used 16409K, capacity 17631K, committed 17636K, reserved 1048576K
}
Event: 4419.498 GC heap before
{Heap before GC invocations=32 (full 0):
 garbage-first heap   total 275456K, used 151149K [0x0000000080000000, 0x0000000100000000)
  region size 1024K, 31 young (31744K), 14 survivors (14336K)
 Metaspace       used 131579K, capacity 134925K, committed 135036K, reserved 1167360K
  class space    used 16410K, capacity 17633K, committed 17636K, reserved 1048576K
}
Event: 4419.556 GC heap after
{Heap after GC invocations=33 (full 0):
 garbage-first heap   total 275456K, used 137598K [0x0000000080000000, 0x0000000100000000)
  region size 1024K, 7 young (7168K), 7 survivors (7168K)
 Metaspace       used 131579K, capacity 134925K, committed 135036K, reserved 1167360K
  class space    used 16410K, capacity 17633K, committed 17636K, reserved 1048576K
}

